[2025-05-09T18:49:22.955724+02:00] EPayco\Api.INFO: Datos obtenidos de la BD {"userData":{"id":13,"email":"cami@usuario.com","password":"cami","name":"Camilo Usuga"},"email_buscado":"cami@usuario.com"} []
[2025-05-09T18:49:22.958412+02:00] EPayco\Api.INFO: Resultado verificación contraseña {"email":"cami@usuario.com","coincide":false} []
[2025-05-09T18:49:22.958487+02:00] EPayco\Api.WARNING: Contraseña incorrecta {"email":"cami@usuario.com"} []
[2025-05-09T18:50:17.758724+02:00] EPayco\Api.INFO: Datos obtenidos de la BD {"userData":{"id":13,"email":"cami@usuario.com","password":"cami","name":"Camilo Usuga"},"email_buscado":"cami@usuario.com"} []
[2025-05-09T18:50:17.760737+02:00] EPayco\Api.INFO: Resultado verificación contraseña {"email":"cami@usuario.com","coincide":false} []
[2025-05-09T18:50:17.760810+02:00] EPayco\Api.WARNING: Contraseña incorrecta {"email":"cami@usuario.com"} []
[2025-05-09T18:57:42.050649+02:00] EPayco\Api.INFO: Datos obtenidos de la BD {"userData":{"id":13,"email":"cami@usuario.com","password":"cami","name":"Camilo Usuga"},"email_buscado":"cami@usuario.com"} []
[2025-05-09T18:57:42.053374+02:00] EPayco\Api.INFO: Resultado verificación contraseña {"email":"cami@usuario.com","coincide":false} []
[2025-05-09T18:57:42.053445+02:00] EPayco\Api.WARNING: Contraseña incorrecta {"email":"cami@usuario.com"} []
[2025-05-09T19:12:30.146367+02:00] EPayco\Api.INFO: Datos obtenidos de la BD {"userData":{"id":13,"email":"cami@usuario.com","password":"cami","name":"Camilo Usuga"},"email_buscado":"cami@usuario.com"} []
[2025-05-09T19:12:30.149609+02:00] EPayco\Api.INFO: Resultado verificación contraseña {"email":"cami@usuario.com","coincide":false} []
[2025-05-09T19:12:30.149684+02:00] EPayco\Api.WARNING: Contraseña incorrecta {"email":"cami@usuario.com"} []
[2025-05-09T19:15:41.906160+02:00] EPayco\Api.INFO: Datos obtenidos de la BD {"userData":{"id":13,"email":"cami@usuario.com","password":"cami","name":"Camilo Usuga"},"email_buscado":"cami@usuario.com"} []
[2025-05-09T19:15:41.909377+02:00] EPayco\Api.INFO: Resultado verificación contraseña {"email":"cami@usuario.com","coincide":false} []
[2025-05-09T19:15:41.909449+02:00] EPayco\Api.WARNING: Contraseña incorrecta {"email":"cami@usuario.com"} []
[2025-05-09T19:46:11.556009+02:00] EPayco\Api.INFO: Nuevo usuario registrado {"email":"cami@usuario.com"} []
[2025-05-09T19:46:11.560148+02:00] EPayco\Api.INFO: Usuario registrado {"email":"cami@usuario.com"} []
[2025-05-09T19:46:11.560784+02:00] EPayco\Api.INFO: Datos obtenidos de la BD {"userData":{"id":13,"email":"cami@usuario.com","password":"cami","name":"Camilo Usuga"},"email_buscado":"cami@usuario.com"} []
[2025-05-09T19:46:11.560958+02:00] EPayco\Api.INFO: Resultado verificación contraseña {"email":"cami@usuario.com","coincide":false} []
[2025-05-09T19:46:11.561009+02:00] EPayco\Api.WARNING: Contraseña incorrecta {"email":"cami@usuario.com"} []
[2025-05-09T19:46:11.561047+02:00] EPayco\Api.WARNING: Inicio de sesión fallido [] []
[2025-05-09T19:46:11.562019+02:00] EPayco\Api.INFO: Sesión cerrada [] []
[2025-05-09T19:50:41.747541+02:00] EPayco\Api.INFO: Datos obtenidos de la BD {"userData":{"id":13,"email":"cami@usuario.com","password":"cami","name":"Camilo Usuga"},"email_buscado":"cami@usuario.com"} []
[2025-05-09T19:50:41.752800+02:00] EPayco\Api.INFO: Resultado verificación contraseña {"email":"cami@usuario.com","coincide":false} []
[2025-05-09T19:50:41.752917+02:00] EPayco\Api.WARNING: Contraseña incorrecta {"email":"cami@usuario.com"} []
[2025-05-09T21:04:57.979573+02:00] EPayco\Api.INFO: Datos obtenidos de la BD {"userData":{"id":14,"email":"cami@usuario.com","password":"$2y$10$w5ZLvIfrurapZtwMlpZObeNozt77n.bO.ZkPCKsk6pinpK.NsXRqK","name":"Camilo Usuga"},"email_buscado":"cami@usuario.com"} []
[2025-05-09T21:04:58.051061+02:00] EPayco\Api.INFO: Resultado verificación contraseña {"email":"cami@usuario.com","coincide":true} []
[2025-05-09T21:04:58.051207+02:00] EPayco\Api.INFO: Inicio de sesión exitoso {"email":"cami@usuario.com"} []
[2025-05-09T21:07:18.571609+02:00] EPayco\Api.INFO: Usuario cerró sesión {"email":"cami@usuario.com"} []
[2025-05-09T21:07:25.098535+02:00] EPayco\Api.INFO: Datos obtenidos de la BD {"userData":{"id":14,"email":"cami@usuario.com","password":"$2y$10$w5ZLvIfrurapZtwMlpZObeNozt77n.bO.ZkPCKsk6pinpK.NsXRqK","name":"Camilo Usuga"},"email_buscado":"cami@usuario.com"} []
[2025-05-09T21:07:25.166178+02:00] EPayco\Api.INFO: Resultado verificación contraseña {"email":"cami@usuario.com","coincide":false} []
[2025-05-09T21:07:25.166285+02:00] EPayco\Api.WARNING: Contraseña incorrecta {"email":"cami@usuario.com"} []
[2025-05-09T21:07:30.140145+02:00] EPayco\Api.INFO: Datos obtenidos de la BD {"userData":{"id":14,"email":"cami@usuario.com","password":"$2y$10$w5ZLvIfrurapZtwMlpZObeNozt77n.bO.ZkPCKsk6pinpK.NsXRqK","name":"Camilo Usuga"},"email_buscado":"cami@usuario.com"} []
[2025-05-09T21:07:30.209175+02:00] EPayco\Api.INFO: Resultado verificación contraseña {"email":"cami@usuario.com","coincide":true} []
[2025-05-09T21:07:30.209276+02:00] EPayco\Api.INFO: Inicio de sesión exitoso {"email":"cami@usuario.com"} []
